Thu Jun 08 2023 21:37:45 [um] info: Connected to database 🚀
Thu Jun 08 2023 21:37:46 [um] info: Server launched 🚀 at port 5000
Thu Jun 08 2023 21:40:35 [um] info: Connected to database 🚀
Thu Jun 08 2023 21:40:35 [um] info: Server launched 🚀 at port 5000
Thu Jun 08 2023 21:42:1 [um] info: SIGTERM received. Shutting down gracefully
Thu Jun 08 2023 21:43:54 [um] info: Connected to database 🚀
Thu Jun 08 2023 21:43:54 [um] info: Server launched 🚀 at port 5000
Thu Jun 08 2023 21:44:41 [um] info: Connected to database 🚀
Thu Jun 08 2023 21:44:41 [um] info: Server launched 🚀 at port 5000
Thu Jun 08 2023 21:44:54 [um] info: SIGTERM received. Shutting down gracefully
Thu Jun 08 2023 21:45:28 [um] info: Connected to database 🚀
Thu Jun 08 2023 21:45:28 [um] info: Server launched 🚀 at port 5000
Thu Jun 08 2023 21:45:30 [um] info: Global Error Handler [
  {
    "expected": "'Autumn' | 'Summer' | 'Fall'",
    "received": "undefined",
    "code": "invalid_type",
    "path": [
      "body",
      "title"
    ],
    "message": "Title is Required"
  },
  {
    "code": "invalid_type",
    "expected": "number",
    "received": "undefined",
    "path": [
      "body",
      "year"
    ],
    "message": "Year is Required"
  },
  {
    "expected": "'01' | '02' | '03'",
    "received": "undefined",
    "code": "invalid_type",
    "path": [
      "body",
      "code"
    ],
    "message": "Code is Required"
  },
  {
    "expected": "'January' | 'February' | 'March' | 'April' | 'May' | 'June' | 'July' | 'August' | 'September' | 'October' | 'November' | 'December'",
    "received": "undefined",
    "code": "invalid_type",
    "path": [
      "body",
      "start_month"
    ],
    "message": "Start Month is Required"
  },
  {
    "expected": "'January' | 'February' | 'March' | 'April' | 'May' | 'June' | 'July' | 'August' | 'September' | 'October' | 'November' | 'December'",
    "received": "undefined",
    "code": "invalid_type",
    "path": [
      "body",
      "end_month"
    ],
    "message": "End Month is Required"
  }
]
Thu Jun 08 2023 21:46:23 [um] info: Connected to database 🚀
Thu Jun 08 2023 21:46:23 [um] info: Server launched 🚀 at port 5000
Thu Jun 08 2023 21:47:42 [um] info: SIGTERM received. Shutting down gracefully
Thu Jun 08 2023 21:51:30 [um] info: Connected to database 🚀
Thu Jun 08 2023 21:51:30 [um] info: Server launched 🚀 at port 5000
Thu Jun 08 2023 21:51:33 [um] info: Global Error Handler Acamedic Semester is already exist !
Thu Jun 08 2023 21:51:54 [um] info: SIGTERM received. Shutting down gracefully
